<html>
<head>
<title>TestNG:  Test</title>
<link href="../testng.css" rel="stylesheet" type="text/css" />
<link href="../my-testng.css" rel="stylesheet" type="text/css" />

<style type="text/css">
.log { display: none;} 
.stack-trace { display: none;} 
</style>
<script type="text/javascript">
<!--
function flip(e) {
  current = e.style.display;
  if (current == 'block') {
    e.style.display = 'none';
    return 0;
  }
  else {
    e.style.display = 'block';
    return 1;
  }
}

function toggleBox(szDivId, elem, msg1, msg2)
{
  var res = -1;  if (document.getElementById) {
    res = flip(document.getElementById(szDivId));
  }
  else if (document.all) {
    // this is the way old msie versions work
    res = flip(document.all[szDivId]);
  }
  if(elem) {
    if(res == 0) elem.innerHTML = msg1; else elem.innerHTML = msg2;
  }

}

function toggleAllBoxes() {
  if (document.getElementsByTagName) {
    d = document.getElementsByTagName('div');
    for (i = 0; i < d.length; i++) {
      if (d[i].className == 'log') {
        flip(d[i]);
      }
    }
  }
}

// -->
</script>

</head>
<body>
<h2 align='center'>Test</h2><table border='1' align="center">
<tr>
<td>Tests passed/Failed/Skipped:</td><td>13/2/0</td>
</tr><tr>
<td>Started on:</td><td>Thu Dec 16 14:57:57 IST 2021</td>
</tr>
<tr><td>Total time:</td><td>950 seconds (950799 ms)</td>
</tr><tr>
<td>Included groups:</td><td>smoke sanity g1 </td>
</tr><tr>
<td>Excluded groups:</td><td>regression </td>
</tr>
</table><p/>
<small><i>(Hover the method name to see the test class name)</i></small><p/>
<table width='100%' border='1' class='invocation-failed'>
<tr><td colspan='4' align='center'><b>FAILED TESTS</b></td></tr>
<tr><td><b>Test method</b></td>
<td width="30%"><b>Exception</b></td>
<td width="10%"><b>Time (seconds)</b></td>
<td><b>Instance</b></td>
</tr>
<tr>
<td title='saucelabs_testcases.UsageTest.checkUsageTest()'><b>checkUsageTest</b><br>Test class: saucelabs_testcases.UsageTest</td>
<td><div><pre>java.lang.AssertionError: Write your custom error message
	at saucelabs_testcases.UsageTest.checkUsageTest(UsageTest.java:41)
	at java.base/java.util.ArrayList.forEach(ArrayList.java:1540)
... Removed 28 stack frames</pre></div><a href='#' onClick='toggleBox("stack-trace1414883107", this, "Click to show all stack frames", "Click to hide stack frames")'>Click to show all stack frames</a>
<div class='stack-trace' id='stack-trace1414883107'><pre>java.lang.AssertionError: Write your custom error message
	at org.testng.Assert.fail(Assert.java:99)
	at saucelabs_testcases.UsageTest.checkUsageTest(UsageTest.java:41)
	at java.base/jdk.internal.reflect.NativeMethodAccessorImpl.invoke0(Native Method)
	at java.base/jdk.internal.reflect.NativeMethodAccessorImpl.invoke(NativeMethodAccessorImpl.java:62)
	at java.base/jdk.internal.reflect.DelegatingMethodAccessorImpl.invoke(DelegatingMethodAccessorImpl.java:43)
	at java.base/java.lang.reflect.Method.invoke(Method.java:566)
	at org.testng.internal.MethodInvocationHelper.invokeMethod(MethodInvocationHelper.java:133)
	at org.testng.internal.TestInvoker.invokeMethod(TestInvoker.java:598)
	at org.testng.internal.TestInvoker.invokeTestMethod(TestInvoker.java:173)
	at org.testng.internal.MethodRunner.runInSequence(MethodRunner.java:46)
	at org.testng.internal.TestInvoker$MethodInvocationAgent.invoke(TestInvoker.java:824)
	at org.testng.internal.TestInvoker.invokeTestMethods(TestInvoker.java:146)
	at org.testng.internal.TestMethodWorker.invokeTestMethods(TestMethodWorker.java:146)
	at org.testng.internal.TestMethodWorker.run(TestMethodWorker.java:128)
	at java.base/java.util.ArrayList.forEach(ArrayList.java:1540)
	at org.testng.TestRunner.privateRun(TestRunner.java:794)
	at org.testng.TestRunner.run(TestRunner.java:596)
	at org.testng.SuiteRunner.runTest(SuiteRunner.java:377)
	at org.testng.SuiteRunner.runSequentially(SuiteRunner.java:371)
	at org.testng.SuiteRunner.privateRun(SuiteRunner.java:332)
	at org.testng.SuiteRunner.run(SuiteRunner.java:276)
	at org.testng.SuiteRunnerWorker.runSuite(SuiteRunnerWorker.java:53)
	at org.testng.SuiteRunnerWorker.run(SuiteRunnerWorker.java:96)
	at org.testng.TestNG.runSuitesSequentially(TestNG.java:1212)
	at org.testng.TestNG.runSuitesLocally(TestNG.java:1134)
	at org.testng.TestNG.runSuites(TestNG.java:1063)
	at org.testng.TestNG.run(TestNG.java:1031)
	at org.testng.remote.AbstractRemoteTestNG.run(AbstractRemoteTestNG.java:115)
	at org.testng.remote.RemoteTestNG.initAndRun(RemoteTestNG.java:251)
	at org.testng.remote.RemoteTestNG.main(RemoteTestNG.java:77)
</pre></div></td>
<td>74</td>
<td>saucelabs_testcases.UsageTest@97e93f1</td></tr>
<tr>
<td title='saucelabs_testcases.PricingTest.checkPricing()'><b>checkPricing</b><br>Test class: saucelabs_testcases.PricingTest</td>
<td><div><pre>org.openqa.selenium.ElementClickInterceptedException: element click intercepted: Element &lt;select class=&quot;browser-default&quot; data-filter-category=&quot;count&quot; data-ta=&quot;select&quot; data-tc=&quot;Pricing Wizard&quot;&gt;...&lt;/select&gt; is not clickable at point (627, 489). Other element would receive the click: &lt;section class=&quot;section section-switch has-inset-shadow-top is-paddingless-bottom&quot;&gt;...&lt;/section&gt;
  (Session info: chrome=96.0.4664.110)
Build info: version: &apos;4.0.0&apos;, revision: &apos;3a21814679&apos;
System info: host: &apos;ABBY&apos;, ip: &apos;169.254.150.134&apos;, os.name: &apos;Windows 10&apos;, os.arch: &apos;amd64&apos;, os.version: &apos;10.0&apos;, java.version: &apos;11.0.4&apos;
Driver info: org.openqa.selenium.chrome.ChromeDriver
Command: [404d7ce9d2dc70da118e36cc5d631120, clickElement {id=3efb9821-dfbc-4f63-b6e9-1a767baf2890}]
Capabilities {acceptInsecureCerts: false, browserName: chrome, browserVersion: 96.0.4664.110, chrome: {chromedriverVersion: 96.0.4664.45 (76e4c1bb2ab46..., userDataDir: C:\Users\ACER\AppData\Local...}, goog:chromeOptions: {debuggerAddress: localhost:63161}, javascriptEnabled: true, networkConnectionEnabled: false, pageLoadStrategy: normal, platform: WINDOWS, platformName: WINDOWS, proxy: Proxy(), se:cdp: ws://localhost:63161/devtoo..., se:cdpVersion: 96.0.4664.110, setWindowRect: true, strictFileInteractability: false, timeouts: {implicit: 0, pageLoad: 300000, script: 30000}, unhandledPromptBehavior: dismiss and notify, webauthn:extension:credBlob: true, webauthn:extension:largeBlob: true, webauthn:virtualAuthenticators: true}
Element: [[ChromeDriver: chrome on WINDOWS (404d7ce9d2dc70da118e36cc5d631120)] -&gt; xpath: (//select[@class=&apos;browser-default&apos;])[1]]
Session ID: 404d7ce9d2dc70da118e36cc5d631120
	at org.openqa.selenium.remote.codec.w3c.W3CHttpResponseCodec.createException(W3CHttpResponseCodec.java:200)
	at org.openqa.selenium.remote.codec.w3c.W3CHttpResponseCodec.decode(W3CHttpResponseCodec.java:133)
	at org.openqa.selenium.remote.codec.w3c.W3CHttpResponseCodec.decode(W3CHttpResponseCodec.java:53)
	at org.openqa.selenium.remote.HttpCommandExecutor.execute(HttpCommandExecutor.java:184)
	at org.openqa.selenium.remote.service.DriverCommandExecutor.invokeExecute(DriverCommandExecutor.java:164)
	at org.openqa.selenium.remote.service.DriverCommandExecutor.execute(DriverCommandExecutor.java:139)
	at org.openqa.selenium.remote.RemoteWebDriver.execute(RemoteWebDriver.java:559)
	at org.openqa.selenium.remote.RemoteWebElement.execute(RemoteWebElement.java:251)
	at org.openqa.selenium.remote.RemoteWebElement.click(RemoteWebElement.java:77)
	at org.openqa.selenium.support.pagefactory.internal.LocatingElementHandler.invoke(LocatingElementHandler.java:52)
	at com.sun.proxy.$Proxy16.click(Unknown Source)
	at saucelabs_Pages.Pricing.checkPricingSolutions(Pricing.java:51)
	at saucelabs_testcases.PricingTest.checkPricing(PricingTest.java:27)
	at java.base/java.util.ArrayList.forEach(ArrayList.java:1540)
... Removed 34 stack frames</pre></div><a href='#' onClick='toggleBox("stack-trace1478683866", this, "Click to show all stack frames", "Click to hide stack frames")'>Click to show all stack frames</a>
<div class='stack-trace' id='stack-trace1478683866'><pre>org.openqa.selenium.ElementClickInterceptedException: element click intercepted: Element &lt;select class=&quot;browser-default&quot; data-filter-category=&quot;count&quot; data-ta=&quot;select&quot; data-tc=&quot;Pricing Wizard&quot;&gt;...&lt;/select&gt; is not clickable at point (627, 489). Other element would receive the click: &lt;section class=&quot;section section-switch has-inset-shadow-top is-paddingless-bottom&quot;&gt;...&lt;/section&gt;
  (Session info: chrome=96.0.4664.110)
Build info: version: &apos;4.0.0&apos;, revision: &apos;3a21814679&apos;
System info: host: &apos;ABBY&apos;, ip: &apos;169.254.150.134&apos;, os.name: &apos;Windows 10&apos;, os.arch: &apos;amd64&apos;, os.version: &apos;10.0&apos;, java.version: &apos;11.0.4&apos;
Driver info: org.openqa.selenium.chrome.ChromeDriver
Command: [404d7ce9d2dc70da118e36cc5d631120, clickElement {id=3efb9821-dfbc-4f63-b6e9-1a767baf2890}]
Capabilities {acceptInsecureCerts: false, browserName: chrome, browserVersion: 96.0.4664.110, chrome: {chromedriverVersion: 96.0.4664.45 (76e4c1bb2ab46..., userDataDir: C:\Users\ACER\AppData\Local...}, goog:chromeOptions: {debuggerAddress: localhost:63161}, javascriptEnabled: true, networkConnectionEnabled: false, pageLoadStrategy: normal, platform: WINDOWS, platformName: WINDOWS, proxy: Proxy(), se:cdp: ws://localhost:63161/devtoo..., se:cdpVersion: 96.0.4664.110, setWindowRect: true, strictFileInteractability: false, timeouts: {implicit: 0, pageLoad: 300000, script: 30000}, unhandledPromptBehavior: dismiss and notify, webauthn:extension:credBlob: true, webauthn:extension:largeBlob: true, webauthn:virtualAuthenticators: true}
Element: [[ChromeDriver: chrome on WINDOWS (404d7ce9d2dc70da118e36cc5d631120)] -&gt; xpath: (//select[@class=&apos;browser-default&apos;])[1]]
Session ID: 404d7ce9d2dc70da118e36cc5d631120
	at java.base/jdk.internal.reflect.NativeConstructorAccessorImpl.newInstance0(Native Method)
	at java.base/jdk.internal.reflect.NativeConstructorAccessorImpl.newInstance(NativeConstructorAccessorImpl.java:62)
	at java.base/jdk.internal.reflect.DelegatingConstructorAccessorImpl.newInstance(DelegatingConstructorAccessorImpl.java:45)
	at java.base/java.lang.reflect.Constructor.newInstance(Constructor.java:490)
	at org.openqa.selenium.remote.codec.w3c.W3CHttpResponseCodec.createException(W3CHttpResponseCodec.java:200)
	at org.openqa.selenium.remote.codec.w3c.W3CHttpResponseCodec.decode(W3CHttpResponseCodec.java:133)
	at org.openqa.selenium.remote.codec.w3c.W3CHttpResponseCodec.decode(W3CHttpResponseCodec.java:53)
	at org.openqa.selenium.remote.HttpCommandExecutor.execute(HttpCommandExecutor.java:184)
	at org.openqa.selenium.remote.service.DriverCommandExecutor.invokeExecute(DriverCommandExecutor.java:164)
	at org.openqa.selenium.remote.service.DriverCommandExecutor.execute(DriverCommandExecutor.java:139)
	at org.openqa.selenium.remote.RemoteWebDriver.execute(RemoteWebDriver.java:559)
	at org.openqa.selenium.remote.RemoteWebElement.execute(RemoteWebElement.java:251)
	at org.openqa.selenium.remote.RemoteWebElement.click(RemoteWebElement.java:77)
	at jdk.internal.reflect.GeneratedMethodAccessor1.invoke(Unknown Source)
	at java.base/jdk.internal.reflect.DelegatingMethodAccessorImpl.invoke(DelegatingMethodAccessorImpl.java:43)
	at java.base/java.lang.reflect.Method.invoke(Method.java:566)
	at org.openqa.selenium.support.pagefactory.internal.LocatingElementHandler.invoke(LocatingElementHandler.java:52)
	at com.sun.proxy.$Proxy16.click(Unknown Source)
	at saucelabs_Pages.Pricing.checkPricingSolutions(Pricing.java:51)
	at saucelabs_testcases.PricingTest.checkPricing(PricingTest.java:27)
	at java.base/jdk.internal.reflect.NativeMethodAccessorImpl.invoke0(Native Method)
	at java.base/jdk.internal.reflect.NativeMethodAccessorImpl.invoke(NativeMethodAccessorImpl.java:62)
	at java.base/jdk.internal.reflect.DelegatingMethodAccessorImpl.invoke(DelegatingMethodAccessorImpl.java:43)
	at java.base/java.lang.reflect.Method.invoke(Method.java:566)
	at org.testng.internal.MethodInvocationHelper.invokeMethod(MethodInvocationHelper.java:133)
	at org.testng.internal.TestInvoker.invokeMethod(TestInvoker.java:598)
	at org.testng.internal.TestInvoker.invokeTestMethod(TestInvoker.java:173)
	at org.testng.internal.MethodRunner.runInSequence(MethodRunner.java:46)
	at org.testng.internal.TestInvoker$MethodInvocationAgent.invoke(TestInvoker.java:824)
	at org.testng.internal.TestInvoker.invokeTestMethods(TestInvoker.java:146)
	at org.testng.internal.TestMethodWorker.invokeTestMethods(TestMethodWorker.java:146)
	at org.testng.internal.TestMethodWorker.run(TestMethodWorker.java:128)
	at java.base/java.util.ArrayList.forEach(ArrayList.java:1540)
	at org.testng.TestRunner.privateRun(TestRunner.java:794)
	at org.testng.TestRunner.run(TestRunner.java:596)
	at org.testng.SuiteRunner.runTest(SuiteRunner.java:377)
	at org.testng.SuiteRunner.runSequentially(SuiteRunner.java:371)
	at org.testng.SuiteRunner.privateRun(SuiteRunner.java:332)
	at org.testng.SuiteRunner.run(SuiteRunner.java:276)
	at org.testng.SuiteRunnerWorker.runSuite(SuiteRunnerWorker.java:53)
	at org.testng.SuiteRunnerWorker.run(SuiteRunnerWorker.java:96)
	at org.testng.TestNG.runSuitesSequentially(TestNG.java:1212)
	at org.testng.TestNG.runSuitesLocally(TestNG.java:1134)
	at org.testng.TestNG.runSuites(TestNG.java:1063)
	at org.testng.TestNG.run(TestNG.java:1031)
	at org.testng.remote.AbstractRemoteTestNG.run(AbstractRemoteTestNG.java:115)
	at org.testng.remote.RemoteTestNG.initAndRun(RemoteTestNG.java:251)
	at org.testng.remote.RemoteTestNG.main(RemoteTestNG.java:77)
</pre></div></td>
<td>49</td>
<td>saucelabs_testcases.PricingTest@79207381</td></tr>
</table><p>
<table width='100%' border='1' class='invocation-passed'>
<tr><td colspan='4' align='center'><b>PASSED TESTS</b></td></tr>
<tr><td><b>Test method</b></td>
<td width="30%"><b>Exception</b></td>
<td width="10%"><b>Time (seconds)</b></td>
<td><b>Instance</b></td>
</tr>
<tr>
<td title='saucelabs_testcases.TryItFreeTest.checkTrySol()'><b>checkTrySol</b><br>Test class: saucelabs_testcases.TryItFreeTest</td>
<td></td>
<td>48</td>
<td>saucelabs_testcases.TryItFreeTest@aba625</td></tr>
<tr>
<td title='saucelabs_testcases.AutomatedTest.checkAutomated()'><b>checkAutomated</b><br>Test class: saucelabs_testcases.AutomatedTest</td>
<td></td>
<td>66</td>
<td>saucelabs_testcases.AutomatedTest@72bc6553</td></tr>
<tr>
<td title='saucelabs_testcases.SupportedIntegrationsTest.checkIntegrations()'><b>checkIntegrations</b><br>Test class: saucelabs_testcases.SupportedIntegrationsTest</td>
<td></td>
<td>59</td>
<td>saucelabs_testcases.SupportedIntegrationsTest@7a6d7e92</td></tr>
<tr>
<td title='saucelabs_testcases.FuncionalityTest.checkFunctions()'><b>checkFunctions</b><br>Test class: saucelabs_testcases.FuncionalityTest</td>
<td></td>
<td>54</td>
<td>saucelabs_testcases.FuncionalityTest@25df00a0</td></tr>
<tr>
<td title='saucelabs_testcases.Live.checkLive()'><b>checkLive</b><br>Test class: saucelabs_testcases.Live</td>
<td></td>
<td>47</td>
<td>saucelabs_testcases.Live@4d15107f</td></tr>
<tr>
<td title='saucelabs_testcases.PlatformTest.checkPlatform()'><b>checkPlatform</b><br>Test class: saucelabs_testcases.PlatformTest</td>
<td></td>
<td>55</td>
<td>saucelabs_testcases.PlatformTest@60f00693</td></tr>
<tr>
<td title='saucelabs_testcases.ContinuosTest.checkContinuous()'><b>checkContinuous</b><br>Test class: saucelabs_testcases.ContinuosTest</td>
<td></td>
<td>75</td>
<td>saucelabs_testcases.ContinuosTest@c05fddc</td></tr>
<tr>
<td title='saucelabs_testcases.SauceappTest.checkSauce()'><b>checkSauce</b><br>Test class: saucelabs_testcases.SauceappTest</td>
<td></td>
<td>63</td>
<td>saucelabs_testcases.SauceappTest@491b9b8</td></tr>
<tr>
<td title='saucelabs_testcases.CompanyTest.checkCom()'><b>checkCom</b><br>Test class: saucelabs_testcases.CompanyTest</td>
<td></td>
<td>61</td>
<td>saucelabs_testcases.CompanyTest@4d14b6c2</td></tr>
<tr>
<td title='saucelabs_testcases.NavbarTest.checkNav()'><b>checkNav</b><br>Test class: saucelabs_testcases.NavbarTest</td>
<td></td>
<td>66</td>
<td>saucelabs_testcases.NavbarTest@50378a4</td></tr>
<tr>
<td title='saucelabs_testcases.SolutionsTest.checkSol()'><b>checkSol</b><br>Test class: saucelabs_testcases.SolutionsTest</td>
<td></td>
<td>66</td>
<td>saucelabs_testcases.SolutionsTest@1a4927d6</td></tr>
<tr>
<td title='saucelabs_testcases.CompanyCareerTest.checkCareer()'><b>checkCareer</b><br>Test class: saucelabs_testcases.CompanyCareerTest</td>
<td></td>
<td>57</td>
<td>saucelabs_testcases.CompanyCareerTest@69c81773</td></tr>
<tr>
<td title='saucelabs_testcases.ContactTest.checkContact()'><b>checkContact</b><br>Test class: saucelabs_testcases.ContactTest</td>
<td></td>
<td>71</td>
<td>saucelabs_testcases.ContactTest@7e990ed7</td></tr>
</table><p>
</body>
</html>