<?xml version="1.0" encoding="UTF-8"?>
<!-- Generated by org.testng.reporters.JUnitXMLReporter -->
<testsuite ignored="0" hostname="abby" failures="1" tests="17" name="Test" time="1854.035" errors="0" timestamp="2021-12-09T18:08:21 IST">
  <testcase classname="saucelabs_testcases.AutomatedTest" name="checkAutomated" time="99.91"/>
  <testcase classname="saucelabs_testcases.CompanyCareerTest" name="checkSol" time="94.53"/>
  <testcase classname="saucelabs_testcases.CompanyTest" name="checkSol" time="116.576"/>
  <testcase classname="saucelabs_testcases.ContactTest" name="checkSol" time="106.608"/>
  <testcase classname="saucelabs_testcases.ContinuosTest" name="checkSol" time="98.449">
    <failure type="org.openqa.selenium.NoSuchElementException" message="no such element: Unable to locate element: {&amp;quot;method&amp;quot;:&amp;quot;xpath&amp;quot;,&amp;quot;selector&amp;quot;:&amp;quot;//*[@id=&amp;quot;idToken1&amp;quot;]&amp;quot;}
  (Session info: chrome=96.0.4664.45)
For documentation on this error, please visit: https://selenium.dev/exceptions/#no_such_element
Build info: version: &amp;apos;4.0.0&amp;apos;, revision: &amp;apos;3a21814679&amp;apos;
System info: host: &amp;apos;ABBY&amp;apos;, ip: &amp;apos;192.168.56.1&amp;apos;, os.name: &amp;apos;Windows 10&amp;apos;, os.arch: &amp;apos;amd64&amp;apos;, os.version: &amp;apos;10.0&amp;apos;, java.version: &amp;apos;11.0.4&amp;apos;
Driver info: org.openqa.selenium.chrome.ChromeDriver
Command: [450a25ad22ef9ef33848d676f778716b, findElement {using=xpath, value=//*[@id=&amp;quot;idToken1&amp;quot;]}]
Capabilities {acceptInsecureCerts: false, browserName: chrome, browserVersion: 96.0.4664.45, chrome: {chromedriverVersion: 96.0.4664.45 (76e4c1bb2ab46..., userDataDir: C:\Users\ACER\AppData\Local...}, goog:chromeOptions: {debuggerAddress: localhost:50122}, javascriptEnabled: true, networkConnectionEnabled: false, pageLoadStrategy: normal, platform: WINDOWS, platformName: WINDOWS, proxy: Proxy(), se:cdp: ws://localhost:50122/devtoo..., se:cdpVersion: 96.0.4664.45, setWindowRect: true, strictFileInteractability: false, timeouts: {implicit: 0, pageLoad: 300000, script: 30000}, unhandledPromptBehavior: dismiss and notify, webauthn:extension:credBlob: true, webauthn:extension:largeBlob: true, webauthn:virtualAuthenticators: true}
Session ID: 450a25ad22ef9ef33848d676f778716b">
      <![CDATA[org.openqa.selenium.NoSuchElementException: no such element: Unable to locate element: {"method":"xpath","selector":"//*[@id="idToken1"]"}
  (Session info: chrome=96.0.4664.45)
For documentation on this error, please visit: https://selenium.dev/exceptions/#no_such_element
Build info: version: '4.0.0', revision: '3a21814679'
System info: host: 'ABBY', ip: '192.168.56.1', os.name: 'Windows 10', os.arch: 'amd64', os.version: '10.0', java.version: '11.0.4'
Driver info: org.openqa.selenium.chrome.ChromeDriver
Command: [450a25ad22ef9ef33848d676f778716b, findElement {using=xpath, value=//*[@id="idToken1"]}]
Capabilities {acceptInsecureCerts: false, browserName: chrome, browserVersion: 96.0.4664.45, chrome: {chromedriverVersion: 96.0.4664.45 (76e4c1bb2ab46..., userDataDir: C:\Users\ACER\AppData\Local...}, goog:chromeOptions: {debuggerAddress: localhost:50122}, javascriptEnabled: true, networkConnectionEnabled: false, pageLoadStrategy: normal, platform: WINDOWS, platformName: WINDOWS, proxy: Proxy(), se:cdp: ws://localhost:50122/devtoo..., se:cdpVersion: 96.0.4664.45, setWindowRect: true, strictFileInteractability: false, timeouts: {implicit: 0, pageLoad: 300000, script: 30000}, unhandledPromptBehavior: dismiss and notify, webauthn:extension:credBlob: true, webauthn:extension:largeBlob: true, webauthn:virtualAuthenticators: true}
Session ID: 450a25ad22ef9ef33848d676f778716b
at org.openqa.selenium.remote.codec.w3c.W3CHttpResponseCodec.createException(W3CHttpResponseCodec.java:200)
at org.openqa.selenium.remote.codec.w3c.W3CHttpResponseCodec.decode(W3CHttpResponseCodec.java:133)
at org.openqa.selenium.remote.codec.w3c.W3CHttpResponseCodec.decode(W3CHttpResponseCodec.java:53)
at org.openqa.selenium.remote.HttpCommandExecutor.execute(HttpCommandExecutor.java:184)
at org.openqa.selenium.remote.service.DriverCommandExecutor.invokeExecute(DriverCommandExecutor.java:164)
at org.openqa.selenium.remote.service.DriverCommandExecutor.execute(DriverCommandExecutor.java:139)
at org.openqa.selenium.remote.RemoteWebDriver.execute(RemoteWebDriver.java:559)
at org.openqa.selenium.remote.ElementLocation$ElementFinder$2.findElement(ElementLocation.java:162)
at org.openqa.selenium.remote.ElementLocation.findElement(ElementLocation.java:60)
at org.openqa.selenium.remote.RemoteWebDriver.findElement(RemoteWebDriver.java:383)
at org.openqa.selenium.remote.RemoteWebDriver.findElement(RemoteWebDriver.java:375)
at org.openqa.selenium.support.pagefactory.DefaultElementLocator.findElement(DefaultElementLocator.java:70)
at org.openqa.selenium.support.pagefactory.internal.LocatingElementHandler.invoke(LocatingElementHandler.java:39)
at com.sun.proxy.$Proxy15.sendKeys(Unknown Source)
at saucelabs_Pages.SolutionsLogin.login_to_saucedemo(SolutionsLogin.java:24)
at saucelabs_testcases.ContinuosTest.checkSol(ContinuosTest.java:30)
at java.base/java.util.ArrayList.forEach(ArrayList.java:1540)
... Removed 31 stack frames]]>
    </failure>
  </testcase> <!-- checkSol -->
  <testcase classname="saucelabs_testcases.FuncionalityTest" name="checkFunctions" time="126.648"/>
  <testcase classname="saucelabs_testcases.Live" name="checkLive" time="96.144"/>
  <testcase classname="saucelabs_testcases.NavbarTest" name="checkSauce" time="147.45"/>
  <testcase classname="saucelabs_testcases.PlatformTest" name="checkSol" time="113.871"/>
  <testcase classname="saucelabs_testcases.PricingTest" name="checkSol" time="121.742"/>
  <testcase classname="saucelabs_testcases.SauceappTest" name="checkSauce" time="105.605"/>
  <testcase classname="saucelabs_testcases.SolutionsTest" name="checkSol" time="109.924"/>
  <testcase classname="saucelabs_testcases.SupportedIntegrationsTest" name="checkSol" time="92.772"/>
  <testcase classname="saucelabs_testcases.TryItFreeTest" name="checkSol" time="90.437"/>
  <testcase classname="saucelabs_testcases.UsageTest" name="checkSauce" time="115.837"/>
  <testcase classname="saucelabs_testcases.VerifyValidLogin" name="checkValidUser" time="89.553"/>
  <testcase classname="saucelabs_testcases.ZoneTest" name="checkSauce" time="127.405"/>
</testsuite> <!-- Test -->
